INFO - 2023-12-09 12:59:20 --> Session: Class initialized using 'CodeIgniter\Session\Handlers\FileHandler' driver.
INFO - 2023-12-09 12:59:35 --> Session: Class initialized using 'CodeIgniter\Session\Handlers\FileHandler' driver.
INFO - 2023-12-09 12:59:37 --> Session: Class initialized using 'CodeIgniter\Session\Handlers\FileHandler' driver.
ERROR - 2023-12-09 12:59:37 --> Error connecting to the database: mysqli_sql_exception: No such file or directory in /Users/roobee/http/spa/system/Database/MySQLi/Connection.php:184
Stack trace:
#0 /Users/roobee/http/spa/system/Database/MySQLi/Connection.php(184): mysqli->real_connect('localhost', 'root', Object(SensitiveParameterValue), 'spa_auth', 3306, '', 0)
#1 /Users/roobee/http/spa/system/Database/BaseConnection.php(392): CodeIgniter\Database\MySQLi\Connection->connect(false)
#2 /Users/roobee/http/spa/system/Database/BaseConnection.php(575): CodeIgniter\Database\BaseConnection->initialize()
#3 /Users/roobee/http/spa/system/Database/BaseBuilder.php(1615): CodeIgniter\Database\BaseConnection->query('SELECT *\nFROM `...', Array, false)
#4 /Users/roobee/http/spa/system/Model.php(264): CodeIgniter\Database\BaseBuilder->get()
#5 /Users/roobee/http/spa/system/BaseModel.php(662): CodeIgniter\Model->doFirst()
#6 /Users/roobee/http/spa/app/Controllers/Auth/LoginController.php(67): CodeIgniter\BaseModel->first()
#7 /Users/roobee/http/spa/system/CodeIgniter.php(942): App\Controllers\Auth\LoginController->attemptLogin()
#8 /Users/roobee/http/spa/system/CodeIgniter.php(502): CodeIgniter\CodeIgniter->runController(Object(App\Controllers\Auth\LoginController))
#9 /Users/roobee/http/spa/system/CodeIgniter.php(361): CodeIgniter\CodeIgniter->handleRequest(NULL, Object(Config\Cache), false)
#10 /Users/roobee/http/spa/public/index.php(79): CodeIgniter\CodeIgniter->run()
#11 /Users/roobee/http/spa/system/Commands/Server/rewrite.php(47): require_once('/Users/roobee/h...')
#12 {main}

Next CodeIgniter\Database\Exceptions\DatabaseException: No such file or directory in /Users/roobee/http/spa/system/Database/MySQLi/Connection.php:229
Stack trace:
#0 /Users/roobee/http/spa/system/Database/BaseConnection.php(392): CodeIgniter\Database\MySQLi\Connection->connect(false)
#1 /Users/roobee/http/spa/system/Database/BaseConnection.php(575): CodeIgniter\Database\BaseConnection->initialize()
#2 /Users/roobee/http/spa/system/Database/BaseBuilder.php(1615): CodeIgniter\Database\BaseConnection->query('SELECT *\nFROM `...', Array, false)
#3 /Users/roobee/http/spa/system/Model.php(264): CodeIgniter\Database\BaseBuilder->get()
#4 /Users/roobee/http/spa/system/BaseModel.php(662): CodeIgniter\Model->doFirst()
#5 /Users/roobee/http/spa/app/Controllers/Auth/LoginController.php(67): CodeIgniter\BaseModel->first()
#6 /Users/roobee/http/spa/system/CodeIgniter.php(942): App\Controllers\Auth\LoginController->attemptLogin()
#7 /Users/roobee/http/spa/system/CodeIgniter.php(502): CodeIgniter\CodeIgniter->runController(Object(App\Controllers\Auth\LoginController))
#8 /Users/roobee/http/spa/system/CodeIgniter.php(361): CodeIgniter\CodeIgniter->handleRequest(NULL, Object(Config\Cache), false)
#9 /Users/roobee/http/spa/public/index.php(79): CodeIgniter\CodeIgniter->run()
#10 /Users/roobee/http/spa/system/Commands/Server/rewrite.php(47): require_once('/Users/roobee/h...')
#11 {main}
CRITICAL - 2023-12-09 12:59:37 --> Unable to connect to the database.
Main connection [MySQLi]: No such file or directory
in SYSTEMPATH/Database/BaseConnection.php on line 428.
 1 SYSTEMPATH/Database/BaseConnection.php(575): CodeIgniter\Database\BaseConnection->initialize()
 2 SYSTEMPATH/Database/BaseBuilder.php(1615): CodeIgniter\Database\BaseConnection->query('SELECT *
FROM `users`
WHERE `email` = :email:
 LIMIT 1', [...], false)
 3 SYSTEMPATH/Model.php(264): CodeIgniter\Database\BaseBuilder->get()
 4 SYSTEMPATH/BaseModel.php(662): CodeIgniter\Model->doFirst()
 5 APPPATH/Controllers/Auth/LoginController.php(67): CodeIgniter\BaseModel->first()
 6 SYSTEMPATH/CodeIgniter.php(942): App\Controllers\Auth\LoginController->attemptLogin()
 7 SYSTEMPATH/CodeIgniter.php(502): CodeIgniter\CodeIgniter->runController(Object(App\Controllers\Auth\LoginController))
 8 SYSTEMPATH/CodeIgniter.php(361): CodeIgniter\CodeIgniter->handleRequest(null, Object(Config\Cache), false)
 9 FCPATH/index.php(79): CodeIgniter\CodeIgniter->run()
10 SYSTEMPATH/Commands/Server/rewrite.php(47): require_once('/Users/roobee/http/spa/public/index.php')
INFO - 2023-12-09 13:11:18 --> Session: Class initialized using 'CodeIgniter\Session\Handlers\FileHandler' driver.
ERROR - 2023-12-09 13:11:18 --> Error connecting to the database: mysqli_sql_exception: No such file or directory in /Users/roobee/http/spa/system/Database/MySQLi/Connection.php:184
Stack trace:
#0 /Users/roobee/http/spa/system/Database/MySQLi/Connection.php(184): mysqli->real_connect('localhost', 'root', Object(SensitiveParameterValue), 'spa_auth', 3306, '', 0)
#1 /Users/roobee/http/spa/system/Database/BaseConnection.php(392): CodeIgniter\Database\MySQLi\Connection->connect(false)
#2 /Users/roobee/http/spa/system/Database/BaseConnection.php(575): CodeIgniter\Database\BaseConnection->initialize()
#3 /Users/roobee/http/spa/system/Database/BaseBuilder.php(1615): CodeIgniter\Database\BaseConnection->query('SELECT *\nFROM `...', Array, false)
#4 /Users/roobee/http/spa/system/Model.php(264): CodeIgniter\Database\BaseBuilder->get()
#5 /Users/roobee/http/spa/system/BaseModel.php(662): CodeIgniter\Model->doFirst()
#6 /Users/roobee/http/spa/app/Controllers/Auth/LoginController.php(67): CodeIgniter\BaseModel->first()
#7 /Users/roobee/http/spa/system/CodeIgniter.php(942): App\Controllers\Auth\LoginController->attemptLogin()
#8 /Users/roobee/http/spa/system/CodeIgniter.php(502): CodeIgniter\CodeIgniter->runController(Object(App\Controllers\Auth\LoginController))
#9 /Users/roobee/http/spa/system/CodeIgniter.php(361): CodeIgniter\CodeIgniter->handleRequest(NULL, Object(Config\Cache), false)
#10 /Users/roobee/http/spa/public/index.php(79): CodeIgniter\CodeIgniter->run()
#11 /Users/roobee/http/spa/system/Commands/Server/rewrite.php(47): require_once('/Users/roobee/h...')
#12 {main}

Next CodeIgniter\Database\Exceptions\DatabaseException: No such file or directory in /Users/roobee/http/spa/system/Database/MySQLi/Connection.php:229
Stack trace:
#0 /Users/roobee/http/spa/system/Database/BaseConnection.php(392): CodeIgniter\Database\MySQLi\Connection->connect(false)
#1 /Users/roobee/http/spa/system/Database/BaseConnection.php(575): CodeIgniter\Database\BaseConnection->initialize()
#2 /Users/roobee/http/spa/system/Database/BaseBuilder.php(1615): CodeIgniter\Database\BaseConnection->query('SELECT *\nFROM `...', Array, false)
#3 /Users/roobee/http/spa/system/Model.php(264): CodeIgniter\Database\BaseBuilder->get()
#4 /Users/roobee/http/spa/system/BaseModel.php(662): CodeIgniter\Model->doFirst()
#5 /Users/roobee/http/spa/app/Controllers/Auth/LoginController.php(67): CodeIgniter\BaseModel->first()
#6 /Users/roobee/http/spa/system/CodeIgniter.php(942): App\Controllers\Auth\LoginController->attemptLogin()
#7 /Users/roobee/http/spa/system/CodeIgniter.php(502): CodeIgniter\CodeIgniter->runController(Object(App\Controllers\Auth\LoginController))
#8 /Users/roobee/http/spa/system/CodeIgniter.php(361): CodeIgniter\CodeIgniter->handleRequest(NULL, Object(Config\Cache), false)
#9 /Users/roobee/http/spa/public/index.php(79): CodeIgniter\CodeIgniter->run()
#10 /Users/roobee/http/spa/system/Commands/Server/rewrite.php(47): require_once('/Users/roobee/h...')
#11 {main}
CRITICAL - 2023-12-09 13:11:18 --> Unable to connect to the database.
Main connection [MySQLi]: No such file or directory
in SYSTEMPATH/Database/BaseConnection.php on line 428.
 1 SYSTEMPATH/Database/BaseConnection.php(575): CodeIgniter\Database\BaseConnection->initialize()
 2 SYSTEMPATH/Database/BaseBuilder.php(1615): CodeIgniter\Database\BaseConnection->query('SELECT *
FROM `users`
WHERE `email` = :email:
 LIMIT 1', [...], false)
 3 SYSTEMPATH/Model.php(264): CodeIgniter\Database\BaseBuilder->get()
 4 SYSTEMPATH/BaseModel.php(662): CodeIgniter\Model->doFirst()
 5 APPPATH/Controllers/Auth/LoginController.php(67): CodeIgniter\BaseModel->first()
 6 SYSTEMPATH/CodeIgniter.php(942): App\Controllers\Auth\LoginController->attemptLogin()
 7 SYSTEMPATH/CodeIgniter.php(502): CodeIgniter\CodeIgniter->runController(Object(App\Controllers\Auth\LoginController))
 8 SYSTEMPATH/CodeIgniter.php(361): CodeIgniter\CodeIgniter->handleRequest(null, Object(Config\Cache), false)
 9 FCPATH/index.php(79): CodeIgniter\CodeIgniter->run()
10 SYSTEMPATH/Commands/Server/rewrite.php(47): require_once('/Users/roobee/http/spa/public/index.php')
INFO - 2023-12-09 13:12:34 --> Session: Class initialized using 'CodeIgniter\Session\Handlers\FileHandler' driver.
INFO - 2023-12-09 13:12:34 --> Session: Class initialized using 'CodeIgniter\Session\Handlers\FileHandler' driver.
INFO - 2023-12-09 13:12:48 --> Session: Class initialized using 'CodeIgniter\Session\Handlers\FileHandler' driver.
CRITICAL - 2023-12-09 13:12:48 --> CodeIgniter\Database\BaseResult::getFirstRow(): Argument #1 ($type) must be of type string, null given, called in /Users/roobee/http/spa/system/Model.php on line 264
in SYSTEMPATH/Database/BaseResult.php on line 389.
 1 SYSTEMPATH/Model.php(264): CodeIgniter\Database\BaseResult->getFirstRow(null)
 2 SYSTEMPATH/BaseModel.php(662): CodeIgniter\Model->doFirst()
 3 APPPATH/Controllers/Auth/SettingsController.php(39): CodeIgniter\BaseModel->first()
 4 SYSTEMPATH/CodeIgniter.php(942): App\Controllers\Auth\SettingsController->settings()
 5 SYSTEMPATH/CodeIgniter.php(502): CodeIgniter\CodeIgniter->runController(Object(App\Controllers\Auth\SettingsController))
 6 SYSTEMPATH/CodeIgniter.php(361): CodeIgniter\CodeIgniter->handleRequest(null, Object(Config\Cache), false)
 7 FCPATH/index.php(79): CodeIgniter\CodeIgniter->run()
 8 SYSTEMPATH/Commands/Server/rewrite.php(47): require_once('/Users/roobee/http/spa/public/index.php')
INFO - 2023-12-09 13:12:51 --> Session: Class initialized using 'CodeIgniter\Session\Handlers\FileHandler' driver.
INFO - 2023-12-09 13:12:53 --> Session: Class initialized using 'CodeIgniter\Session\Handlers\FileHandler' driver.
INFO - 2023-12-09 13:12:54 --> Session: Class initialized using 'CodeIgniter\Session\Handlers\FileHandler' driver.
INFO - 2023-12-09 13:12:55 --> Session: Class initialized using 'CodeIgniter\Session\Handlers\FileHandler' driver.
INFO - 2023-12-09 13:12:58 --> Session: Class initialized using 'CodeIgniter\Session\Handlers\FileHandler' driver.
INFO - 2023-12-09 13:12:59 --> Session: Class initialized using 'CodeIgniter\Session\Handlers\FileHandler' driver.
INFO - 2023-12-09 13:13:04 --> Session: Class initialized using 'CodeIgniter\Session\Handlers\FileHandler' driver.
INFO - 2023-12-09 13:13:05 --> Session: Class initialized using 'CodeIgniter\Session\Handlers\FileHandler' driver.
INFO - 2023-12-09 13:14:47 --> Session: Class initialized using 'CodeIgniter\Session\Handlers\FileHandler' driver.
INFO - 2023-12-09 13:14:51 --> Session: Class initialized using 'CodeIgniter\Session\Handlers\FileHandler' driver.
INFO - 2023-12-09 13:14:52 --> Session: Class initialized using 'CodeIgniter\Session\Handlers\FileHandler' driver.
INFO - 2023-12-09 13:15:00 --> Session: Class initialized using 'CodeIgniter\Session\Handlers\FileHandler' driver.
CRITICAL - 2023-12-09 13:15:00 --> Undefined property: stdClass::$categoryName
in APPPATH/Views/services/index.php on line 77.
 1 APPPATH/Views/services/index.php(77): CodeIgniter\Debug\Exceptions->errorHandler(2, 'Undefined property: stdClass::$categoryName', '/Users/roobee/http/spa/app/Views/services/index.php', 77)
 2 SYSTEMPATH/View/View.php(228): include('/Users/roobee/http/spa/app/Views/services/index.php')
 3 SYSTEMPATH/View/View.php(231): CodeIgniter\View\View->CodeIgniter\View\{closure}()
 4 SYSTEMPATH/Common.php(1190): CodeIgniter\View\View->render('services/index', [], true)
 5 APPPATH/Controllers/ServicesController.php(29): view('services/index', [...])
 6 SYSTEMPATH/CodeIgniter.php(942): App\Controllers\ServicesController->index()
 7 SYSTEMPATH/CodeIgniter.php(502): CodeIgniter\CodeIgniter->runController(Object(App\Controllers\ServicesController))
 8 SYSTEMPATH/CodeIgniter.php(361): CodeIgniter\CodeIgniter->handleRequest(null, Object(Config\Cache), false)
 9 FCPATH/index.php(79): CodeIgniter\CodeIgniter->run()
10 SYSTEMPATH/Commands/Server/rewrite.php(47): require_once('/Users/roobee/http/spa/public/index.php')
INFO - 2023-12-09 13:15:04 --> Session: Class initialized using 'CodeIgniter\Session\Handlers\FileHandler' driver.
INFO - 2023-12-09 13:15:05 --> Session: Class initialized using 'CodeIgniter\Session\Handlers\FileHandler' driver.
INFO - 2023-12-09 13:15:10 --> Session: Class initialized using 'CodeIgniter\Session\Handlers\FileHandler' driver.
INFO - 2023-12-09 13:15:14 --> Session: Class initialized using 'CodeIgniter\Session\Handlers\FileHandler' driver.
INFO - 2023-12-09 13:15:16 --> Session: Class initialized using 'CodeIgniter\Session\Handlers\FileHandler' driver.
INFO - 2023-12-09 13:15:22 --> Session: Class initialized using 'CodeIgniter\Session\Handlers\FileHandler' driver.
CRITICAL - 2023-12-09 13:15:22 --> CodeIgniter\Database\BaseResult::getFirstRow(): Argument #1 ($type) must be of type string, null given, called in /Users/roobee/http/spa/system/Model.php on line 264
in SYSTEMPATH/Database/BaseResult.php on line 389.
 1 SYSTEMPATH/Model.php(264): CodeIgniter\Database\BaseResult->getFirstRow(null)
 2 SYSTEMPATH/BaseModel.php(662): CodeIgniter\Model->doFirst()
 3 APPPATH/Controllers/Auth/SettingsController.php(39): CodeIgniter\BaseModel->first()
 4 SYSTEMPATH/CodeIgniter.php(942): App\Controllers\Auth\SettingsController->settings()
 5 SYSTEMPATH/CodeIgniter.php(502): CodeIgniter\CodeIgniter->runController(Object(App\Controllers\Auth\SettingsController))
 6 SYSTEMPATH/CodeIgniter.php(361): CodeIgniter\CodeIgniter->handleRequest(null, Object(Config\Cache), false)
 7 FCPATH/index.php(79): CodeIgniter\CodeIgniter->run()
 8 SYSTEMPATH/Commands/Server/rewrite.php(47): require_once('/Users/roobee/http/spa/public/index.php')
INFO - 2023-12-09 13:15:24 --> Session: Class initialized using 'CodeIgniter\Session\Handlers\FileHandler' driver.
INFO - 2023-12-09 13:15:25 --> Session: Class initialized using 'CodeIgniter\Session\Handlers\FileHandler' driver.
CRITICAL - 2023-12-09 13:15:25 --> CodeIgniter\Database\BaseResult::getFirstRow(): Argument #1 ($type) must be of type string, null given, called in /Users/roobee/http/spa/system/Model.php on line 264
in SYSTEMPATH/Database/BaseResult.php on line 389.
 1 SYSTEMPATH/Model.php(264): CodeIgniter\Database\BaseResult->getFirstRow(null)
 2 SYSTEMPATH/BaseModel.php(662): CodeIgniter\Model->doFirst()
 3 APPPATH/Controllers/Auth/SettingsController.php(39): CodeIgniter\BaseModel->first()
 4 SYSTEMPATH/CodeIgniter.php(942): App\Controllers\Auth\SettingsController->settings()
 5 SYSTEMPATH/CodeIgniter.php(502): CodeIgniter\CodeIgniter->runController(Object(App\Controllers\Auth\SettingsController))
 6 SYSTEMPATH/CodeIgniter.php(361): CodeIgniter\CodeIgniter->handleRequest(null, Object(Config\Cache), false)
 7 FCPATH/index.php(79): CodeIgniter\CodeIgniter->run()
 8 SYSTEMPATH/Commands/Server/rewrite.php(47): require_once('/Users/roobee/http/spa/public/index.php')
INFO - 2023-12-09 13:15:37 --> Session: Class initialized using 'CodeIgniter\Session\Handlers\FileHandler' driver.
INFO - 2023-12-09 13:15:42 --> Session: Class initialized using 'CodeIgniter\Session\Handlers\FileHandler' driver.
CRITICAL - 2023-12-09 13:15:42 --> Undefined property: stdClass::$categoryName
in APPPATH/Views/services/index.php on line 77.
 1 APPPATH/Views/services/index.php(77): CodeIgniter\Debug\Exceptions->errorHandler(2, 'Undefined property: stdClass::$categoryName', '/Users/roobee/http/spa/app/Views/services/index.php', 77)
 2 SYSTEMPATH/View/View.php(228): include('/Users/roobee/http/spa/app/Views/services/index.php')
 3 SYSTEMPATH/View/View.php(231): CodeIgniter\View\View->CodeIgniter\View\{closure}()
 4 SYSTEMPATH/Common.php(1190): CodeIgniter\View\View->render('services/index', [], true)
 5 APPPATH/Controllers/ServicesController.php(29): view('services/index', [...])
 6 SYSTEMPATH/CodeIgniter.php(942): App\Controllers\ServicesController->index()
 7 SYSTEMPATH/CodeIgniter.php(502): CodeIgniter\CodeIgniter->runController(Object(App\Controllers\ServicesController))
 8 SYSTEMPATH/CodeIgniter.php(361): CodeIgniter\CodeIgniter->handleRequest(null, Object(Config\Cache), false)
 9 FCPATH/index.php(79): CodeIgniter\CodeIgniter->run()
10 SYSTEMPATH/Commands/Server/rewrite.php(47): require_once('/Users/roobee/http/spa/public/index.php')
INFO - 2023-12-09 13:15:47 --> Session: Class initialized using 'CodeIgniter\Session\Handlers\FileHandler' driver.
INFO - 2023-12-09 13:15:52 --> Session: Class initialized using 'CodeIgniter\Session\Handlers\FileHandler' driver.
INFO - 2023-12-09 13:19:26 --> Session: Class initialized using 'CodeIgniter\Session\Handlers\FileHandler' driver.
INFO - 2023-12-09 13:22:39 --> Session: Class initialized using 'CodeIgniter\Session\Handlers\FileHandler' driver.
INFO - 2023-12-09 13:23:15 --> Session: Class initialized using 'CodeIgniter\Session\Handlers\FileHandler' driver.
INFO - 2023-12-09 13:23:25 --> Session: Class initialized using 'CodeIgniter\Session\Handlers\FileHandler' driver.
INFO - 2023-12-09 13:25:29 --> Session: Class initialized using 'CodeIgniter\Session\Handlers\FileHandler' driver.
INFO - 2023-12-09 13:26:41 --> Session: Class initialized using 'CodeIgniter\Session\Handlers\FileHandler' driver.
INFO - 2023-12-09 13:27:06 --> Session: Class initialized using 'CodeIgniter\Session\Handlers\FileHandler' driver.
INFO - 2023-12-09 13:29:44 --> Session: Class initialized using 'CodeIgniter\Session\Handlers\FileHandler' driver.
INFO - 2023-12-09 13:30:27 --> Session: Class initialized using 'CodeIgniter\Session\Handlers\FileHandler' driver.
INFO - 2023-12-09 13:31:59 --> Session: Class initialized using 'CodeIgniter\Session\Handlers\FileHandler' driver.
INFO - 2023-12-09 14:09:43 --> Session: Class initialized using 'CodeIgniter\Session\Handlers\FileHandler' driver.
INFO - 2023-12-09 14:09:45 --> Session: Class initialized using 'CodeIgniter\Session\Handlers\FileHandler' driver.
CRITICAL - 2023-12-09 14:09:45 --> Undefined property: stdClass::$categoryName
in APPPATH/Views/services/index.php on line 77.
 1 APPPATH/Views/services/index.php(77): CodeIgniter\Debug\Exceptions->errorHandler(2, 'Undefined property: stdClass::$categoryName', '/Users/roobee/http/spa/app/Views/services/index.php', 77)
 2 SYSTEMPATH/View/View.php(228): include('/Users/roobee/http/spa/app/Views/services/index.php')
 3 SYSTEMPATH/View/View.php(231): CodeIgniter\View\View->CodeIgniter\View\{closure}()
 4 SYSTEMPATH/Common.php(1190): CodeIgniter\View\View->render('services/index', [], true)
 5 APPPATH/Controllers/ServicesController.php(29): view('services/index', [...])
 6 SYSTEMPATH/CodeIgniter.php(942): App\Controllers\ServicesController->index()
 7 SYSTEMPATH/CodeIgniter.php(502): CodeIgniter\CodeIgniter->runController(Object(App\Controllers\ServicesController))
 8 SYSTEMPATH/CodeIgniter.php(361): CodeIgniter\CodeIgniter->handleRequest(null, Object(Config\Cache), false)
 9 FCPATH/index.php(79): CodeIgniter\CodeIgniter->run()
10 SYSTEMPATH/Commands/Server/rewrite.php(47): require_once('/Users/roobee/http/spa/public/index.php')
INFO - 2023-12-09 14:11:02 --> Session: Class initialized using 'CodeIgniter\Session\Handlers\FileHandler' driver.
INFO - 2023-12-09 14:12:12 --> Session: Class initialized using 'CodeIgniter\Session\Handlers\FileHandler' driver.
INFO - 2023-12-09 14:13:17 --> Session: Class initialized using 'CodeIgniter\Session\Handlers\FileHandler' driver.
INFO - 2023-12-09 14:13:29 --> Session: Class initialized using 'CodeIgniter\Session\Handlers\FileHandler' driver.
INFO - 2023-12-09 14:14:02 --> Session: Class initialized using 'CodeIgniter\Session\Handlers\FileHandler' driver.
INFO - 2023-12-09 14:16:07 --> Session: Class initialized using 'CodeIgniter\Session\Handlers\FileHandler' driver.
INFO - 2023-12-09 14:16:09 --> Session: Class initialized using 'CodeIgniter\Session\Handlers\FileHandler' driver.
INFO - 2023-12-09 14:16:14 --> Session: Class initialized using 'CodeIgniter\Session\Handlers\FileHandler' driver.
INFO - 2023-12-09 14:16:27 --> Session: Class initialized using 'CodeIgniter\Session\Handlers\FileHandler' driver.
INFO - 2023-12-09 14:16:29 --> Session: Class initialized using 'CodeIgniter\Session\Handlers\FileHandler' driver.
INFO - 2023-12-09 14:16:35 --> Session: Class initialized using 'CodeIgniter\Session\Handlers\FileHandler' driver.
INFO - 2023-12-09 14:16:37 --> Session: Class initialized using 'CodeIgniter\Session\Handlers\FileHandler' driver.
INFO - 2023-12-09 14:18:03 --> Session: Class initialized using 'CodeIgniter\Session\Handlers\FileHandler' driver.
CRITICAL - 2023-12-09 14:18:03 --> CodeIgniter\Database\BaseResult::getFirstRow(): Argument #1 ($type) must be of type string, null given, called in /Users/roobee/http/spa/system/Model.php on line 264
in SYSTEMPATH/Database/BaseResult.php on line 389.
 1 SYSTEMPATH/Model.php(264): CodeIgniter\Database\BaseResult->getFirstRow(null)
 2 SYSTEMPATH/BaseModel.php(662): CodeIgniter\Model->doFirst()
 3 APPPATH/Controllers/Auth/SettingsController.php(39): CodeIgniter\BaseModel->first()
 4 SYSTEMPATH/CodeIgniter.php(942): App\Controllers\Auth\SettingsController->settings()
 5 SYSTEMPATH/CodeIgniter.php(502): CodeIgniter\CodeIgniter->runController(Object(App\Controllers\Auth\SettingsController))
 6 SYSTEMPATH/CodeIgniter.php(361): CodeIgniter\CodeIgniter->handleRequest(null, Object(Config\Cache), false)
 7 FCPATH/index.php(79): CodeIgniter\CodeIgniter->run()
 8 SYSTEMPATH/Commands/Server/rewrite.php(47): require_once('/Users/roobee/http/spa/public/index.php')
INFO - 2023-12-09 14:18:04 --> Session: Class initialized using 'CodeIgniter\Session\Handlers\FileHandler' driver.
INFO - 2023-12-09 14:18:06 --> Session: Class initialized using 'CodeIgniter\Session\Handlers\FileHandler' driver.
