INFO - 2023-12-08 06:31:10 --> Session: Class initialized using 'CodeIgniter\Session\Handlers\FileHandler' driver.
INFO - 2023-12-08 06:31:32 --> Session: Class initialized using 'CodeIgniter\Session\Handlers\FileHandler' driver.
ERROR - 2023-12-08 06:31:32 --> Error connecting to the database: mysqli_sql_exception: No such file or directory in /Users/roobee/http/spa/system/Database/MySQLi/Connection.php:184
Stack trace:
#0 /Users/roobee/http/spa/system/Database/MySQLi/Connection.php(184): mysqli->real_connect('localhost', 'root', Object(SensitiveParameterValue), 'spa_auth', 3306, '', 0)
#1 /Users/roobee/http/spa/system/Database/BaseConnection.php(392): CodeIgniter\Database\MySQLi\Connection->connect(false)
#2 /Users/roobee/http/spa/system/Database/BaseConnection.php(575): CodeIgniter\Database\BaseConnection->initialize()
#3 /Users/roobee/http/spa/system/Database/BaseBuilder.php(1615): CodeIgniter\Database\BaseConnection->query('SELECT *\nFROM `...', Array, false)
#4 /Users/roobee/http/spa/system/Model.php(264): CodeIgniter\Database\BaseBuilder->get()
#5 /Users/roobee/http/spa/system/BaseModel.php(662): CodeIgniter\Model->doFirst()
#6 /Users/roobee/http/spa/app/Controllers/Auth/LoginController.php(67): CodeIgniter\BaseModel->first()
#7 /Users/roobee/http/spa/system/CodeIgniter.php(942): App\Controllers\Auth\LoginController->attemptLogin()
#8 /Users/roobee/http/spa/system/CodeIgniter.php(502): CodeIgniter\CodeIgniter->runController(Object(App\Controllers\Auth\LoginController))
#9 /Users/roobee/http/spa/system/CodeIgniter.php(361): CodeIgniter\CodeIgniter->handleRequest(NULL, Object(Config\Cache), false)
#10 /Users/roobee/http/spa/public/index.php(79): CodeIgniter\CodeIgniter->run()
#11 /Users/roobee/http/spa/system/Commands/Server/rewrite.php(47): require_once('/Users/roobee/h...')
#12 {main}

Next CodeIgniter\Database\Exceptions\DatabaseException: No such file or directory in /Users/roobee/http/spa/system/Database/MySQLi/Connection.php:229
Stack trace:
#0 /Users/roobee/http/spa/system/Database/BaseConnection.php(392): CodeIgniter\Database\MySQLi\Connection->connect(false)
#1 /Users/roobee/http/spa/system/Database/BaseConnection.php(575): CodeIgniter\Database\BaseConnection->initialize()
#2 /Users/roobee/http/spa/system/Database/BaseBuilder.php(1615): CodeIgniter\Database\BaseConnection->query('SELECT *\nFROM `...', Array, false)
#3 /Users/roobee/http/spa/system/Model.php(264): CodeIgniter\Database\BaseBuilder->get()
#4 /Users/roobee/http/spa/system/BaseModel.php(662): CodeIgniter\Model->doFirst()
#5 /Users/roobee/http/spa/app/Controllers/Auth/LoginController.php(67): CodeIgniter\BaseModel->first()
#6 /Users/roobee/http/spa/system/CodeIgniter.php(942): App\Controllers\Auth\LoginController->attemptLogin()
#7 /Users/roobee/http/spa/system/CodeIgniter.php(502): CodeIgniter\CodeIgniter->runController(Object(App\Controllers\Auth\LoginController))
#8 /Users/roobee/http/spa/system/CodeIgniter.php(361): CodeIgniter\CodeIgniter->handleRequest(NULL, Object(Config\Cache), false)
#9 /Users/roobee/http/spa/public/index.php(79): CodeIgniter\CodeIgniter->run()
#10 /Users/roobee/http/spa/system/Commands/Server/rewrite.php(47): require_once('/Users/roobee/h...')
#11 {main}
CRITICAL - 2023-12-08 06:31:32 --> Unable to connect to the database.
Main connection [MySQLi]: No such file or directory
in SYSTEMPATH/Database/BaseConnection.php on line 428.
 1 SYSTEMPATH/Database/BaseConnection.php(575): CodeIgniter\Database\BaseConnection->initialize()
 2 SYSTEMPATH/Database/BaseBuilder.php(1615): CodeIgniter\Database\BaseConnection->query('SELECT *
FROM `users`
WHERE `email` = :email:
 LIMIT 1', [...], false)
 3 SYSTEMPATH/Model.php(264): CodeIgniter\Database\BaseBuilder->get()
 4 SYSTEMPATH/BaseModel.php(662): CodeIgniter\Model->doFirst()
 5 APPPATH/Controllers/Auth/LoginController.php(67): CodeIgniter\BaseModel->first()
 6 SYSTEMPATH/CodeIgniter.php(942): App\Controllers\Auth\LoginController->attemptLogin()
 7 SYSTEMPATH/CodeIgniter.php(502): CodeIgniter\CodeIgniter->runController(Object(App\Controllers\Auth\LoginController))
 8 SYSTEMPATH/CodeIgniter.php(361): CodeIgniter\CodeIgniter->handleRequest(null, Object(Config\Cache), false)
 9 FCPATH/index.php(79): CodeIgniter\CodeIgniter->run()
10 SYSTEMPATH/Commands/Server/rewrite.php(47): require_once('/Users/roobee/http/spa/public/index.php')
INFO - 2023-12-08 13:24:44 --> Session: Class initialized using 'CodeIgniter\Session\Handlers\FileHandler' driver.
ERROR - 2023-12-08 13:24:44 --> Error connecting to the database: mysqli_sql_exception: No such file or directory in /Users/roobee/http/spa/system/Database/MySQLi/Connection.php:184
Stack trace:
#0 /Users/roobee/http/spa/system/Database/MySQLi/Connection.php(184): mysqli->real_connect('localhost', 'root', Object(SensitiveParameterValue), 'spa_auth', 3306, '', 0)
#1 /Users/roobee/http/spa/system/Database/BaseConnection.php(392): CodeIgniter\Database\MySQLi\Connection->connect(false)
#2 /Users/roobee/http/spa/system/Database/BaseConnection.php(575): CodeIgniter\Database\BaseConnection->initialize()
#3 /Users/roobee/http/spa/system/Database/BaseBuilder.php(1615): CodeIgniter\Database\BaseConnection->query('SELECT *\nFROM `...', Array, false)
#4 /Users/roobee/http/spa/system/Model.php(264): CodeIgniter\Database\BaseBuilder->get()
#5 /Users/roobee/http/spa/system/BaseModel.php(662): CodeIgniter\Model->doFirst()
#6 /Users/roobee/http/spa/app/Controllers/Auth/LoginController.php(67): CodeIgniter\BaseModel->first()
#7 /Users/roobee/http/spa/system/CodeIgniter.php(942): App\Controllers\Auth\LoginController->attemptLogin()
#8 /Users/roobee/http/spa/system/CodeIgniter.php(502): CodeIgniter\CodeIgniter->runController(Object(App\Controllers\Auth\LoginController))
#9 /Users/roobee/http/spa/system/CodeIgniter.php(361): CodeIgniter\CodeIgniter->handleRequest(NULL, Object(Config\Cache), false)
#10 /Users/roobee/http/spa/public/index.php(79): CodeIgniter\CodeIgniter->run()
#11 /Users/roobee/http/spa/system/Commands/Server/rewrite.php(47): require_once('/Users/roobee/h...')
#12 {main}

Next CodeIgniter\Database\Exceptions\DatabaseException: No such file or directory in /Users/roobee/http/spa/system/Database/MySQLi/Connection.php:229
Stack trace:
#0 /Users/roobee/http/spa/system/Database/BaseConnection.php(392): CodeIgniter\Database\MySQLi\Connection->connect(false)
#1 /Users/roobee/http/spa/system/Database/BaseConnection.php(575): CodeIgniter\Database\BaseConnection->initialize()
#2 /Users/roobee/http/spa/system/Database/BaseBuilder.php(1615): CodeIgniter\Database\BaseConnection->query('SELECT *\nFROM `...', Array, false)
#3 /Users/roobee/http/spa/system/Model.php(264): CodeIgniter\Database\BaseBuilder->get()
#4 /Users/roobee/http/spa/system/BaseModel.php(662): CodeIgniter\Model->doFirst()
#5 /Users/roobee/http/spa/app/Controllers/Auth/LoginController.php(67): CodeIgniter\BaseModel->first()
#6 /Users/roobee/http/spa/system/CodeIgniter.php(942): App\Controllers\Auth\LoginController->attemptLogin()
#7 /Users/roobee/http/spa/system/CodeIgniter.php(502): CodeIgniter\CodeIgniter->runController(Object(App\Controllers\Auth\LoginController))
#8 /Users/roobee/http/spa/system/CodeIgniter.php(361): CodeIgniter\CodeIgniter->handleRequest(NULL, Object(Config\Cache), false)
#9 /Users/roobee/http/spa/public/index.php(79): CodeIgniter\CodeIgniter->run()
#10 /Users/roobee/http/spa/system/Commands/Server/rewrite.php(47): require_once('/Users/roobee/h...')
#11 {main}
CRITICAL - 2023-12-08 13:24:44 --> Unable to connect to the database.
Main connection [MySQLi]: No such file or directory
in SYSTEMPATH/Database/BaseConnection.php on line 428.
 1 SYSTEMPATH/Database/BaseConnection.php(575): CodeIgniter\Database\BaseConnection->initialize()
 2 SYSTEMPATH/Database/BaseBuilder.php(1615): CodeIgniter\Database\BaseConnection->query('SELECT *
FROM `users`
WHERE `email` = :email:
 LIMIT 1', [...], false)
 3 SYSTEMPATH/Model.php(264): CodeIgniter\Database\BaseBuilder->get()
 4 SYSTEMPATH/BaseModel.php(662): CodeIgniter\Model->doFirst()
 5 APPPATH/Controllers/Auth/LoginController.php(67): CodeIgniter\BaseModel->first()
 6 SYSTEMPATH/CodeIgniter.php(942): App\Controllers\Auth\LoginController->attemptLogin()
 7 SYSTEMPATH/CodeIgniter.php(502): CodeIgniter\CodeIgniter->runController(Object(App\Controllers\Auth\LoginController))
 8 SYSTEMPATH/CodeIgniter.php(361): CodeIgniter\CodeIgniter->handleRequest(null, Object(Config\Cache), false)
 9 FCPATH/index.php(79): CodeIgniter\CodeIgniter->run()
10 SYSTEMPATH/Commands/Server/rewrite.php(47): require_once('/Users/roobee/http/spa/public/index.php')
INFO - 2023-12-08 13:25:19 --> Session: Class initialized using 'CodeIgniter\Session\Handlers\FileHandler' driver.
INFO - 2023-12-08 13:25:21 --> Session: Class initialized using 'CodeIgniter\Session\Handlers\FileHandler' driver.
INFO - 2023-12-08 13:25:40 --> Session: Class initialized using 'CodeIgniter\Session\Handlers\FileHandler' driver.
ERROR - 2023-12-08 13:25:40 --> Error connecting to the database: mysqli_sql_exception: No such file or directory in /Users/roobee/http/spa/system/Database/MySQLi/Connection.php:184
Stack trace:
#0 /Users/roobee/http/spa/system/Database/MySQLi/Connection.php(184): mysqli->real_connect('localhost', 'root', Object(SensitiveParameterValue), 'spa_auth', 3306, '', 0)
#1 /Users/roobee/http/spa/system/Database/BaseConnection.php(392): CodeIgniter\Database\MySQLi\Connection->connect(false)
#2 /Users/roobee/http/spa/system/Database/BaseConnection.php(575): CodeIgniter\Database\BaseConnection->initialize()
#3 /Users/roobee/http/spa/system/Database/BaseBuilder.php(1615): CodeIgniter\Database\BaseConnection->query('SELECT *\nFROM `...', Array, false)
#4 /Users/roobee/http/spa/system/Model.php(264): CodeIgniter\Database\BaseBuilder->get()
#5 /Users/roobee/http/spa/system/BaseModel.php(662): CodeIgniter\Model->doFirst()
#6 /Users/roobee/http/spa/app/Controllers/Auth/LoginController.php(67): CodeIgniter\BaseModel->first()
#7 /Users/roobee/http/spa/system/CodeIgniter.php(942): App\Controllers\Auth\LoginController->attemptLogin()
#8 /Users/roobee/http/spa/system/CodeIgniter.php(502): CodeIgniter\CodeIgniter->runController(Object(App\Controllers\Auth\LoginController))
#9 /Users/roobee/http/spa/system/CodeIgniter.php(361): CodeIgniter\CodeIgniter->handleRequest(NULL, Object(Config\Cache), false)
#10 /Users/roobee/http/spa/public/index.php(79): CodeIgniter\CodeIgniter->run()
#11 /Users/roobee/http/spa/system/Commands/Server/rewrite.php(47): require_once('/Users/roobee/h...')
#12 {main}

Next CodeIgniter\Database\Exceptions\DatabaseException: No such file or directory in /Users/roobee/http/spa/system/Database/MySQLi/Connection.php:229
Stack trace:
#0 /Users/roobee/http/spa/system/Database/BaseConnection.php(392): CodeIgniter\Database\MySQLi\Connection->connect(false)
#1 /Users/roobee/http/spa/system/Database/BaseConnection.php(575): CodeIgniter\Database\BaseConnection->initialize()
#2 /Users/roobee/http/spa/system/Database/BaseBuilder.php(1615): CodeIgniter\Database\BaseConnection->query('SELECT *\nFROM `...', Array, false)
#3 /Users/roobee/http/spa/system/Model.php(264): CodeIgniter\Database\BaseBuilder->get()
#4 /Users/roobee/http/spa/system/BaseModel.php(662): CodeIgniter\Model->doFirst()
#5 /Users/roobee/http/spa/app/Controllers/Auth/LoginController.php(67): CodeIgniter\BaseModel->first()
#6 /Users/roobee/http/spa/system/CodeIgniter.php(942): App\Controllers\Auth\LoginController->attemptLogin()
#7 /Users/roobee/http/spa/system/CodeIgniter.php(502): CodeIgniter\CodeIgniter->runController(Object(App\Controllers\Auth\LoginController))
#8 /Users/roobee/http/spa/system/CodeIgniter.php(361): CodeIgniter\CodeIgniter->handleRequest(NULL, Object(Config\Cache), false)
#9 /Users/roobee/http/spa/public/index.php(79): CodeIgniter\CodeIgniter->run()
#10 /Users/roobee/http/spa/system/Commands/Server/rewrite.php(47): require_once('/Users/roobee/h...')
#11 {main}
CRITICAL - 2023-12-08 13:25:40 --> Unable to connect to the database.
Main connection [MySQLi]: No such file or directory
in SYSTEMPATH/Database/BaseConnection.php on line 428.
 1 SYSTEMPATH/Database/BaseConnection.php(575): CodeIgniter\Database\BaseConnection->initialize()
 2 SYSTEMPATH/Database/BaseBuilder.php(1615): CodeIgniter\Database\BaseConnection->query('SELECT *
FROM `users`
WHERE `email` = :email:
 LIMIT 1', [...], false)
 3 SYSTEMPATH/Model.php(264): CodeIgniter\Database\BaseBuilder->get()
 4 SYSTEMPATH/BaseModel.php(662): CodeIgniter\Model->doFirst()
 5 APPPATH/Controllers/Auth/LoginController.php(67): CodeIgniter\BaseModel->first()
 6 SYSTEMPATH/CodeIgniter.php(942): App\Controllers\Auth\LoginController->attemptLogin()
 7 SYSTEMPATH/CodeIgniter.php(502): CodeIgniter\CodeIgniter->runController(Object(App\Controllers\Auth\LoginController))
 8 SYSTEMPATH/CodeIgniter.php(361): CodeIgniter\CodeIgniter->handleRequest(null, Object(Config\Cache), false)
 9 FCPATH/index.php(79): CodeIgniter\CodeIgniter->run()
10 SYSTEMPATH/Commands/Server/rewrite.php(47): require_once('/Users/roobee/http/spa/public/index.php')
